Traceback (most recent call last):
  File "/home/va/Documents/remote/google-maps-scraper/venv/lib/python3.11/site-packages/bose/base_task.py", line 117, in run_task
    self.run(driver)
  File "/home/va/Documents/remote/google-maps-scraper/src/scraper.py", line 248, in run
    result = get_data()
             ^^^^^^^^^^
  File "/home/va/Documents/remote/google-maps-scraper/src/scraper.py", line 236, in get_data
    a = get_maps_data(links)
        ^^^^^^^^^^^^^^^^^^^^
  File "/home/va/Documents/remote/google-maps-scraper/src/scraper.py", line 215, in get_maps_data
    ls = list(map(get_data, links))
         ^^^^^^^^^^^^^^^^^^^^^^^^^^
  File "/home/va/Documents/remote/google-maps-scraper/src/scraper.py", line 198, in get_data
    map_button = driver.find_element(By.XPATH, "//button[@class='zaxyGe L6Bbsd YTfrze']")
                 ^^^^^^^^^^^^^^^^^^^^^^^^^^^^^^^^^^^^^^^^^^^^^^^^^^^^^^^^^^^^^^^^^^^^^^^^
  File "/home/va/Documents/remote/google-maps-scraper/venv/lib/python3.11/site-packages/selenium/webdriver/remote/webdriver.py", line 831, in find_element
    return self.execute(Command.FIND_ELEMENT, {"using": by, "value": value})["value"]
           ^^^^^^^^^^^^^^^^^^^^^^^^^^^^^^^^^^^^^^^^^^^^^^^^^^^^^^^^^^^^^^^^^
  File "/home/va/Documents/remote/google-maps-scraper/venv/lib/python3.11/site-packages/selenium/webdriver/remote/webdriver.py", line 440, in execute
    self.error_handler.check_response(response)
  File "/home/va/Documents/remote/google-maps-scraper/venv/lib/python3.11/site-packages/selenium/webdriver/remote/errorhandler.py", line 245, in check_response
    raise exception_class(message, screen, stacktrace)
selenium.common.exceptions.NoSuchElementException: Message: no such element: Unable to locate element: {"method":"xpath","selector":"//button[@class='zaxyGe L6Bbsd YTfrze']"}
  (Session info: chrome=113.0.5672.126)
Stacktrace:
#0 0x5610cc4e4b73 <unknown>
#1 0x5610cc22d416 <unknown>
#2 0x5610cc269b4c <unknown>
#3 0x5610cc269c81 <unknown>
#4 0x5610cc2a4024 <unknown>
#5 0x5610cc28965d <unknown>
#6 0x5610cc2a1b3e <unknown>
#7 0x5610cc289403 <unknown>
#8 0x5610cc25df0a <unknown>
#9 0x5610cc25effe <unknown>
#10 0x5610cc4a5c4e <unknown>
#11 0x5610cc4a98f2 <unknown>
#12 0x5610cc4b2870 <unknown>
#13 0x5610cc4aa933 <unknown>
#14 0x5610cc47e75e <unknown>
#15 0x5610cc4cce48 <unknown>
#16 0x5610cc4ccfd7 <unknown>
#17 0x5610cc4dce39 <unknown>
#18 0x7f1f7ac94b43 <unknown>

