Traceback (most recent call last):
  File "/home/va/Documents/remote/google-maps-scraper/venv/lib/python3.11/site-packages/bose/base_task.py", line 117, in run_task
    self.run(driver)
  File "/home/va/Documents/remote/google-maps-scraper/src/scraper.py", line 254, in run
    result = get_data()
             ^^^^^^^^^^
  File "/home/va/Documents/remote/google-maps-scraper/src/scraper.py", line 242, in get_data
    a = get_maps_data(links)
        ^^^^^^^^^^^^^^^^^^^^
  File "/home/va/Documents/remote/google-maps-scraper/src/scraper.py", line 221, in get_maps_data
    ls = list(map(get_data, links))
         ^^^^^^^^^^^^^^^^^^^^^^^^^^
  File "/home/va/Documents/remote/google-maps-scraper/src/scraper.py", line 197, in get_data
    opened_days = driver.find_element(By.XPATH, "//div[@class='RcCsl fVHpi w4vB1d NOE9ve AG25L lk2Rcf']")
                  ^^^^^^^^^^^^^^^^^^^^^^^^^^^^^^^^^^^^^^^^^^^^^^^^^^^^^^^^^^^^^^^^^^^^^^^^^^^^^^^^^^^^^^^
  File "/home/va/Documents/remote/google-maps-scraper/venv/lib/python3.11/site-packages/selenium/webdriver/remote/webdriver.py", line 831, in find_element
    return self.execute(Command.FIND_ELEMENT, {"using": by, "value": value})["value"]
           ^^^^^^^^^^^^^^^^^^^^^^^^^^^^^^^^^^^^^^^^^^^^^^^^^^^^^^^^^^^^^^^^^
  File "/home/va/Documents/remote/google-maps-scraper/venv/lib/python3.11/site-packages/selenium/webdriver/remote/webdriver.py", line 440, in execute
    self.error_handler.check_response(response)
  File "/home/va/Documents/remote/google-maps-scraper/venv/lib/python3.11/site-packages/selenium/webdriver/remote/errorhandler.py", line 245, in check_response
    raise exception_class(message, screen, stacktrace)
selenium.common.exceptions.NoSuchElementException: Message: no such element: Unable to locate element: {"method":"xpath","selector":"//div[@class='RcCsl fVHpi w4vB1d NOE9ve AG25L lk2Rcf']"}
  (Session info: chrome=113.0.5672.126)
Stacktrace:
#0 0x559b3320ab73 <unknown>
#1 0x559b32f53416 <unknown>
#2 0x559b32f8fb4c <unknown>
#3 0x559b32f8fc81 <unknown>
#4 0x559b32fca024 <unknown>
#5 0x559b32faf65d <unknown>
#6 0x559b32fc7b3e <unknown>
#7 0x559b32faf403 <unknown>
#8 0x559b32f83f0a <unknown>
#9 0x559b32f84ffe <unknown>
#10 0x559b331cbc4e <unknown>
#11 0x559b331cf8f2 <unknown>
#12 0x559b331d8870 <unknown>
#13 0x559b331d0933 <unknown>
#14 0x559b331a475e <unknown>
#15 0x559b331f2e48 <unknown>
#16 0x559b331f2fd7 <unknown>
#17 0x559b33202e39 <unknown>
#18 0x7f8e51294b43 <unknown>

