Traceback (most recent call last):
  File "/home/va/Documents/remote/google-maps-scraper/venv/lib/python3.11/site-packages/bose/base_task.py", line 117, in run_task
    self.run(driver)
  File "/home/va/Documents/remote/google-maps-scraper/src/scraper.py", line 232, in run
    result = get_data()
             ^^^^^^^^^^
  File "/home/va/Documents/remote/google-maps-scraper/src/scraper.py", line 220, in get_data
    a = get_maps_data(links)
        ^^^^^^^^^^^^^^^^^^^^
  File "/home/va/Documents/remote/google-maps-scraper/src/scraper.py", line 199, in get_maps_data
    ls = list(map(get_data, links))
         ^^^^^^^^^^^^^^^^^^^^^^^^^^
  File "/home/va/Documents/remote/google-maps-scraper/src/scraper.py", line 140, in get_data
    driver.get_by_current_page_referrer(link)
  File "/home/va/Documents/remote/google-maps-scraper/venv/lib/python3.11/site-packages/bose/boss_driver.py", line 22, in get_by_current_page_referrer
    self.execute_script(f"""
  File "/home/va/Documents/remote/google-maps-scraper/venv/lib/python3.11/site-packages/selenium/webdriver/remote/webdriver.py", line 500, in execute_script
    return self.execute(command, {"script": script, "args": converted_args})["value"]
           ^^^^^^^^^^^^^^^^^^^^^^^^^^^^^^^^^^^^^^^^^^^^^^^^^^^^^^^^^^^^^^^^^
  File "/home/va/Documents/remote/google-maps-scraper/venv/lib/python3.11/site-packages/selenium/webdriver/remote/webdriver.py", line 440, in execute
    self.error_handler.check_response(response)
  File "/home/va/Documents/remote/google-maps-scraper/venv/lib/python3.11/site-packages/selenium/webdriver/remote/errorhandler.py", line 245, in check_response
    raise exception_class(message, screen, stacktrace)
selenium.common.exceptions.NoSuchWindowException: Message: no such window: target window already closed
from unknown error: web view not found
  (Session info: chrome=113.0.5672.126)
Stacktrace:
#0 0x55caff017b73 <unknown>
#1 0x55cafed60416 <unknown>
#2 0x55cafed3a5fc <unknown>
#3 0x55cafedc157f <unknown>
#4 0x55cafedd4596 <unknown>
#5 0x55cafedbc403 <unknown>
#6 0x55cafed90f0a <unknown>
#7 0x55cafed91ffe <unknown>
#8 0x55cafefd8c4e <unknown>
#9 0x55cafefdc8f2 <unknown>
#10 0x55cafefe5870 <unknown>
#11 0x55cafefdd933 <unknown>
#12 0x55cafefb175e <unknown>
#13 0x55cafefffe48 <unknown>
#14 0x55cafeffffd7 <unknown>
#15 0x55caff00fe39 <unknown>
#16 0x7f848cc94b43 <unknown>

