Traceback (most recent call last):
  File "/home/va/Documents/remote/google-maps-scraper/venv/lib/python3.11/site-packages/bose/base_task.py", line 117, in run_task
    self.run(driver)
  File "/home/va/Documents/remote/google-maps-scraper/src/scraper.py", line 255, in run
    result = get_data()
             ^^^^^^^^^^
  File "/home/va/Documents/remote/google-maps-scraper/src/scraper.py", line 243, in get_data
    a = get_maps_data(links)
        ^^^^^^^^^^^^^^^^^^^^
  File "/home/va/Documents/remote/google-maps-scraper/src/scraper.py", line 222, in get_maps_data
    ls = list(map(get_data, links))
         ^^^^^^^^^^^^^^^^^^^^^^^^^^
  File "/home/va/Documents/remote/google-maps-scraper/src/scraper.py", line 199, in get_data
    opened_days[0].click()
  File "/home/va/Documents/remote/google-maps-scraper/venv/lib/python3.11/site-packages/selenium/webdriver/remote/webelement.py", line 94, in click
    self._execute(Command.CLICK_ELEMENT)
  File "/home/va/Documents/remote/google-maps-scraper/venv/lib/python3.11/site-packages/selenium/webdriver/remote/webelement.py", line 403, in _execute
    return self._parent.execute(command, params)
           ^^^^^^^^^^^^^^^^^^^^^^^^^^^^^^^^^^^^^
  File "/home/va/Documents/remote/google-maps-scraper/venv/lib/python3.11/site-packages/selenium/webdriver/remote/webdriver.py", line 440, in execute
    self.error_handler.check_response(response)
  File "/home/va/Documents/remote/google-maps-scraper/venv/lib/python3.11/site-packages/selenium/webdriver/remote/errorhandler.py", line 245, in check_response
    raise exception_class(message, screen, stacktrace)
selenium.common.exceptions.ElementNotInteractableException: Message: element not interactable
  (Session info: chrome=113.0.5672.126)
Stacktrace:
#0 0x55940d914b73 <unknown>
#1 0x55940d65d2a0 <unknown>
#2 0x55940d69af94 <unknown>
#3 0x55940d68fe8a <unknown>
#4 0x55940d6b9632 <unknown>
#5 0x55940d68f7b3 <unknown>
#6 0x55940d6b97fe <unknown>
#7 0x55940d6d1b3e <unknown>
#8 0x55940d6b9403 <unknown>
#9 0x55940d68df0a <unknown>
#10 0x55940d68effe <unknown>
#11 0x55940d8d5c4e <unknown>
#12 0x55940d8d98f2 <unknown>
#13 0x55940d8e2870 <unknown>
#14 0x55940d8da933 <unknown>
#15 0x55940d8ae75e <unknown>
#16 0x55940d8fce48 <unknown>
#17 0x55940d8fcfd7 <unknown>
#18 0x55940d90ce39 <unknown>
#19 0x7fab70a94b43 <unknown>

