Traceback (most recent call last):
  File "/home/va/Documents/remote/google-maps-scraper/venv/lib/python3.11/site-packages/bose/base_task.py", line 117, in run_task
    self.run(driver)
  File "/home/va/Documents/remote/google-maps-scraper/src/scraper.py", line 283, in run
    result = get_data(self.scroll_times)
             ^^^^^^^^^^^^^^^^^^^^^^^^^^^
  File "/home/va/Documents/remote/google-maps-scraper/src/scraper.py", line 271, in get_data
    a = get_maps_data(links)
        ^^^^^^^^^^^^^^^^^^^^
  File "/home/va/Documents/remote/google-maps-scraper/src/scraper.py", line 250, in get_maps_data
    ls = list(map(get_data, links))
         ^^^^^^^^^^^^^^^^^^^^^^^^^^
  File "/home/va/Documents/remote/google-maps-scraper/src/scraper.py", line 237, in get_data
    embed_link = driver.find_element(By.XPATH, "//input[@class='yA7sBe']")
                 ^^^^^^^^^^^^^^^^^^^^^^^^^^^^^^^^^^^^^^^^^^^^^^^^^^^^^^^^^
  File "/home/va/Documents/remote/google-maps-scraper/venv/lib/python3.11/site-packages/selenium/webdriver/remote/webdriver.py", line 831, in find_element
    return self.execute(Command.FIND_ELEMENT, {"using": by, "value": value})["value"]
           ^^^^^^^^^^^^^^^^^^^^^^^^^^^^^^^^^^^^^^^^^^^^^^^^^^^^^^^^^^^^^^^^^
  File "/home/va/Documents/remote/google-maps-scraper/venv/lib/python3.11/site-packages/selenium/webdriver/remote/webdriver.py", line 440, in execute
    self.error_handler.check_response(response)
  File "/home/va/Documents/remote/google-maps-scraper/venv/lib/python3.11/site-packages/selenium/webdriver/remote/errorhandler.py", line 245, in check_response
    raise exception_class(message, screen, stacktrace)
selenium.common.exceptions.NoSuchElementException: Message: no such element: Unable to locate element: {"method":"xpath","selector":"//input[@class='yA7sBe']"}
  (Session info: chrome=113.0.5672.126)
Stacktrace:
#0 0x555584392b73 <unknown>
#1 0x5555840db416 <unknown>
#2 0x555584117b4c <unknown>
#3 0x555584117c81 <unknown>
#4 0x555584152024 <unknown>
#5 0x55558413765d <unknown>
#6 0x55558414fb3e <unknown>
#7 0x555584137403 <unknown>
#8 0x55558410bf0a <unknown>
#9 0x55558410cffe <unknown>
#10 0x555584353c4e <unknown>
#11 0x5555843578f2 <unknown>
#12 0x555584360870 <unknown>
#13 0x555584358933 <unknown>
#14 0x55558432c75e <unknown>
#15 0x55558437ae48 <unknown>
#16 0x55558437afd7 <unknown>
#17 0x55558438ae39 <unknown>
#18 0x7fc7eb094b43 <unknown>

