Traceback (most recent call last):
  File "/home/va/Documents/remote/google-maps-scraper/venv/lib/python3.11/site-packages/bose/base_task.py", line 117, in run_task
    self.run(driver)
  File "/home/va/Documents/remote/google-maps-scraper/src/scraper.py", line 275, in run
    result = get_data(self.scroll_times)
             ^^^^^^^^^^^^^^^^^^^^^^^^^^^
  File "/home/va/Documents/remote/google-maps-scraper/src/scraper.py", line 263, in get_data
    a = get_maps_data(links)
        ^^^^^^^^^^^^^^^^^^^^
  File "/home/va/Documents/remote/google-maps-scraper/src/scraper.py", line 242, in get_maps_data
    ls = list(map(get_data, links))
         ^^^^^^^^^^^^^^^^^^^^^^^^^^
  File "/home/va/Documents/remote/google-maps-scraper/src/scraper.py", line 214, in get_data
    open_time[2].click()
  File "/home/va/Documents/remote/google-maps-scraper/venv/lib/python3.11/site-packages/selenium/webdriver/remote/webelement.py", line 94, in click
    self._execute(Command.CLICK_ELEMENT)
  File "/home/va/Documents/remote/google-maps-scraper/venv/lib/python3.11/site-packages/selenium/webdriver/remote/webelement.py", line 403, in _execute
    return self._parent.execute(command, params)
           ^^^^^^^^^^^^^^^^^^^^^^^^^^^^^^^^^^^^^
  File "/home/va/Documents/remote/google-maps-scraper/venv/lib/python3.11/site-packages/selenium/webdriver/remote/webdriver.py", line 440, in execute
    self.error_handler.check_response(response)
  File "/home/va/Documents/remote/google-maps-scraper/venv/lib/python3.11/site-packages/selenium/webdriver/remote/errorhandler.py", line 245, in check_response
    raise exception_class(message, screen, stacktrace)
selenium.common.exceptions.ElementNotInteractableException: Message: element not interactable
  (Session info: chrome=113.0.5672.126)
Stacktrace:
#0 0x5588030b4b73 <unknown>
#1 0x558802dfd2a0 <unknown>
#2 0x558802e3af94 <unknown>
#3 0x558802e2fe8a <unknown>
#4 0x558802e59632 <unknown>
#5 0x558802e2f7b3 <unknown>
#6 0x558802e597fe <unknown>
#7 0x558802e71b3e <unknown>
#8 0x558802e59403 <unknown>
#9 0x558802e2df0a <unknown>
#10 0x558802e2effe <unknown>
#11 0x558803075c4e <unknown>
#12 0x5588030798f2 <unknown>
#13 0x558803082870 <unknown>
#14 0x55880307a933 <unknown>
#15 0x55880304e75e <unknown>
#16 0x55880309ce48 <unknown>
#17 0x55880309cfd7 <unknown>
#18 0x5588030ace39 <unknown>
#19 0x7f0d9ee94b43 <unknown>

