Traceback (most recent call last):
  File "/home/va/Documents/remote/google-maps-scraper/venv/lib/python3.11/site-packages/bose/base_task.py", line 117, in run_task
    self.run(driver)
  File "/home/va/Documents/remote/google-maps-scraper/src/scraper.py", line 231, in run
    result = get_data()
             ^^^^^^^^^^
  File "/home/va/Documents/remote/google-maps-scraper/src/scraper.py", line 210, in get_data
    links = get_links(q)
            ^^^^^^^^^^^^
  File "/home/va/Documents/remote/google-maps-scraper/src/scraper.py", line 119, in get_links
    scroll_till_end(10)
  File "/home/va/Documents/remote/google-maps-scraper/src/scraper.py", line 98, in scroll_till_end
    visit_gmap()
  File "/home/va/Documents/remote/google-maps-scraper/src/scraper.py", line 86, in visit_gmap
    driver.get_by_current_page_referrer(url)
  File "/home/va/Documents/remote/google-maps-scraper/venv/lib/python3.11/site-packages/bose/boss_driver.py", line 22, in get_by_current_page_referrer
    self.execute_script(f"""
  File "/home/va/Documents/remote/google-maps-scraper/venv/lib/python3.11/site-packages/selenium/webdriver/remote/webdriver.py", line 500, in execute_script
    return self.execute(command, {"script": script, "args": converted_args})["value"]
           ^^^^^^^^^^^^^^^^^^^^^^^^^^^^^^^^^^^^^^^^^^^^^^^^^^^^^^^^^^^^^^^^^
  File "/home/va/Documents/remote/google-maps-scraper/venv/lib/python3.11/site-packages/selenium/webdriver/remote/webdriver.py", line 440, in execute
    self.error_handler.check_response(response)
  File "/home/va/Documents/remote/google-maps-scraper/venv/lib/python3.11/site-packages/selenium/webdriver/remote/errorhandler.py", line 245, in check_response
    raise exception_class(message, screen, stacktrace)
selenium.common.exceptions.NoSuchWindowException: Message: no such window: target window already closed
from unknown error: web view not found
  (Session info: chrome=113.0.5672.126)
Stacktrace:
#0 0x5567fa461b73 <unknown>
#1 0x5567fa1aa416 <unknown>
#2 0x5567fa1845fc <unknown>
#3 0x5567fa20b57f <unknown>
#4 0x5567fa21e596 <unknown>
#5 0x5567fa206403 <unknown>
#6 0x5567fa1daf0a <unknown>
#7 0x5567fa1dbffe <unknown>
#8 0x5567fa422c4e <unknown>
#9 0x5567fa4268f2 <unknown>
#10 0x5567fa42f870 <unknown>
#11 0x5567fa427933 <unknown>
#12 0x5567fa3fb75e <unknown>
#13 0x5567fa449e48 <unknown>
#14 0x5567fa449fd7 <unknown>
#15 0x5567fa459e39 <unknown>
#16 0x7f47b5094b43 <unknown>

