Traceback (most recent call last):
  File "/home/va/Documents/remote/google-maps-scraper/venv/lib/python3.11/site-packages/bose/base_task.py", line 117, in run_task
    self.run(driver)
  File "/home/va/Documents/remote/google-maps-scraper/src/scraper.py", line 233, in run
    result = get_data()
             ^^^^^^^^^^
  File "/home/va/Documents/remote/google-maps-scraper/src/scraper.py", line 212, in get_data
    links = get_links(q)
            ^^^^^^^^^^^^
  File "/home/va/Documents/remote/google-maps-scraper/src/scraper.py", line 120, in get_links
    scroll_till_end(10)
  File "/home/va/Documents/remote/google-maps-scraper/src/scraper.py", line 92, in scroll_till_end
    visit_gmap()
  File "/home/va/Documents/remote/google-maps-scraper/src/scraper.py", line 86, in visit_gmap
    driver.get_by_current_page_referrer(url)
  File "/home/va/Documents/remote/google-maps-scraper/venv/lib/python3.11/site-packages/bose/boss_driver.py", line 22, in get_by_current_page_referrer
    self.execute_script(f"""
  File "/home/va/Documents/remote/google-maps-scraper/venv/lib/python3.11/site-packages/selenium/webdriver/remote/webdriver.py", line 500, in execute_script
    return self.execute(command, {"script": script, "args": converted_args})["value"]
           ^^^^^^^^^^^^^^^^^^^^^^^^^^^^^^^^^^^^^^^^^^^^^^^^^^^^^^^^^^^^^^^^^
  File "/home/va/Documents/remote/google-maps-scraper/venv/lib/python3.11/site-packages/selenium/webdriver/remote/webdriver.py", line 440, in execute
    self.error_handler.check_response(response)
  File "/home/va/Documents/remote/google-maps-scraper/venv/lib/python3.11/site-packages/selenium/webdriver/remote/errorhandler.py", line 245, in check_response
    raise exception_class(message, screen, stacktrace)
selenium.common.exceptions.NoSuchWindowException: Message: no such window: target window already closed
from unknown error: web view not found
  (Session info: chrome=113.0.5672.126)
Stacktrace:
#0 0x55b6f3451b73 <unknown>
#1 0x55b6f319a416 <unknown>
#2 0x55b6f31745fc <unknown>
#3 0x55b6f31fb57f <unknown>
#4 0x55b6f320e596 <unknown>
#5 0x55b6f31f6403 <unknown>
#6 0x55b6f31caf0a <unknown>
#7 0x55b6f31cbffe <unknown>
#8 0x55b6f3412c4e <unknown>
#9 0x55b6f34168f2 <unknown>
#10 0x55b6f341f870 <unknown>
#11 0x55b6f3417933 <unknown>
#12 0x55b6f33eb75e <unknown>
#13 0x55b6f3439e48 <unknown>
#14 0x55b6f3439fd7 <unknown>
#15 0x55b6f3449e39 <unknown>
#16 0x7f825ea94b43 <unknown>

