Traceback (most recent call last):
  File "/home/va/Documents/remote/google-maps-scraper/venv/lib/python3.11/site-packages/bose/base_task.py", line 117, in run_task
    self.run(driver)
  File "/home/va/Documents/remote/google-maps-scraper/src/scraper.py", line 241, in run
    result = get_data()
             ^^^^^^^^^^
  File "/home/va/Documents/remote/google-maps-scraper/src/scraper.py", line 229, in get_data
    a = get_maps_data(links)
        ^^^^^^^^^^^^^^^^^^^^
  File "/home/va/Documents/remote/google-maps-scraper/src/scraper.py", line 208, in get_maps_data
    ls = list(map(get_data, links))
         ^^^^^^^^^^^^^^^^^^^^^^^^^^
  File "/home/va/Documents/remote/google-maps-scraper/src/scraper.py", line 192, in get_data
    sharing = driver.find_elements(".g88MCb.S9kvJb")
              ^^^^^^^^^^^^^^^^^^^^^^^^^^^^^^^^^^^^^^
  File "/home/va/Documents/remote/google-maps-scraper/venv/lib/python3.11/site-packages/selenium/webdriver/remote/webdriver.py", line 861, in find_elements
    return self.execute(Command.FIND_ELEMENTS, {"using": by, "value": value})["value"] or []
           ^^^^^^^^^^^^^^^^^^^^^^^^^^^^^^^^^^^^^^^^^^^^^^^^^^^^^^^^^^^^^^^^^^
  File "/home/va/Documents/remote/google-maps-scraper/venv/lib/python3.11/site-packages/selenium/webdriver/remote/webdriver.py", line 440, in execute
    self.error_handler.check_response(response)
  File "/home/va/Documents/remote/google-maps-scraper/venv/lib/python3.11/site-packages/selenium/webdriver/remote/errorhandler.py", line 245, in check_response
    raise exception_class(message, screen, stacktrace)
selenium.common.exceptions.InvalidArgumentException: Message: invalid argument: invalid locator
  (Session info: chrome=113.0.5672.126)
Stacktrace:
#0 0x55f0e2d4fb73 <unknown>
#1 0x55f0e2a98416 <unknown>
#2 0x55f0e2ad4488 <unknown>
#3 0x55f0e2ad4c81 <unknown>
#4 0x55f0e2b0f061 <unknown>
#5 0x55f0e2af465d <unknown>
#6 0x55f0e2b0cb3e <unknown>
#7 0x55f0e2af4403 <unknown>
#8 0x55f0e2ac8f0a <unknown>
#9 0x55f0e2ac9ffe <unknown>
#10 0x55f0e2d10c4e <unknown>
#11 0x55f0e2d148f2 <unknown>
#12 0x55f0e2d1d870 <unknown>
#13 0x55f0e2d15933 <unknown>
#14 0x55f0e2ce975e <unknown>
#15 0x55f0e2d37e48 <unknown>
#16 0x55f0e2d37fd7 <unknown>
#17 0x55f0e2d47e39 <unknown>
#18 0x7f949f094b43 <unknown>

