Traceback (most recent call last):
  File "/home/va/Documents/remote/google-maps-scraper/venv/lib/python3.11/site-packages/bose/base_task.py", line 117, in run_task
    self.run(driver)
  File "/home/va/Documents/remote/google-maps-scraper/src/scraper.py", line 341, in run
    result = get_data(self.scroll_times)
             ^^^^^^^^^^^^^^^^^^^^^^^^^^^
  File "/home/va/Documents/remote/google-maps-scraper/src/scraper.py", line 320, in get_data
    links = get_links(q, sc_time)
            ^^^^^^^^^^^^^^^^^^^^^
  File "/home/va/Documents/remote/google-maps-scraper/src/scraper.py", line 167, in get_links
    scroll_till_end(sc_time)
  File "/home/va/Documents/remote/google-maps-scraper/src/scraper.py", line 129, in scroll_till_end
    visit_gmap()
  File "/home/va/Documents/remote/google-maps-scraper/src/scraper.py", line 123, in visit_gmap
    driver.get_by_current_page_referrer(url)
  File "/home/va/Documents/remote/google-maps-scraper/venv/lib/python3.11/site-packages/bose/boss_driver.py", line 22, in get_by_current_page_referrer
    self.execute_script(f"""
  File "/home/va/Documents/remote/google-maps-scraper/venv/lib/python3.11/site-packages/selenium/webdriver/remote/webdriver.py", line 500, in execute_script
    return self.execute(command, {"script": script, "args": converted_args})["value"]
           ^^^^^^^^^^^^^^^^^^^^^^^^^^^^^^^^^^^^^^^^^^^^^^^^^^^^^^^^^^^^^^^^^
  File "/home/va/Documents/remote/google-maps-scraper/venv/lib/python3.11/site-packages/selenium/webdriver/remote/webdriver.py", line 440, in execute
    self.error_handler.check_response(response)
  File "/home/va/Documents/remote/google-maps-scraper/venv/lib/python3.11/site-packages/selenium/webdriver/remote/errorhandler.py", line 245, in check_response
    raise exception_class(message, screen, stacktrace)
selenium.common.exceptions.NoSuchWindowException: Message: no such window: target window already closed
from unknown error: web view not found
  (Session info: chrome=113.0.5672.126)
Stacktrace:
#0 0x563e0f13eb73 <unknown>
#1 0x563e0ee87416 <unknown>
#2 0x563e0ee615fc <unknown>
#3 0x563e0eee857f <unknown>
#4 0x563e0eefb596 <unknown>
#5 0x563e0eee3403 <unknown>
#6 0x563e0eeb7f0a <unknown>
#7 0x563e0eeb8ffe <unknown>
#8 0x563e0f0ffc4e <unknown>
#9 0x563e0f1038f2 <unknown>
#10 0x563e0f10c870 <unknown>
#11 0x563e0f104933 <unknown>
#12 0x563e0f0d875e <unknown>
#13 0x563e0f126e48 <unknown>
#14 0x563e0f126fd7 <unknown>
#15 0x563e0f136e39 <unknown>
#16 0x7fd718294b43 <unknown>

