Traceback (most recent call last):
  File "/home/va/Documents/remote/google-maps-scraper/venv/lib/python3.11/site-packages/bose/base_task.py", line 117, in run_task
    self.run(driver)
  File "/home/va/Documents/remote/google-maps-scraper/src/scraper.py", line 256, in run
    result = get_data()
             ^^^^^^^^^^
  File "/home/va/Documents/remote/google-maps-scraper/src/scraper.py", line 244, in get_data
    a = get_maps_data(links)
        ^^^^^^^^^^^^^^^^^^^^
  File "/home/va/Documents/remote/google-maps-scraper/src/scraper.py", line 223, in get_maps_data
    ls = list(map(get_data, links))
         ^^^^^^^^^^^^^^^^^^^^^^^^^^
  File "/home/va/Documents/remote/google-maps-scraper/src/scraper.py", line 200, in get_data
    sharing[4].click()
  File "/home/va/Documents/remote/google-maps-scraper/venv/lib/python3.11/site-packages/selenium/webdriver/remote/webelement.py", line 94, in click
    self._execute(Command.CLICK_ELEMENT)
  File "/home/va/Documents/remote/google-maps-scraper/venv/lib/python3.11/site-packages/selenium/webdriver/remote/webelement.py", line 403, in _execute
    return self._parent.execute(command, params)
           ^^^^^^^^^^^^^^^^^^^^^^^^^^^^^^^^^^^^^
  File "/home/va/Documents/remote/google-maps-scraper/venv/lib/python3.11/site-packages/selenium/webdriver/remote/webdriver.py", line 440, in execute
    self.error_handler.check_response(response)
  File "/home/va/Documents/remote/google-maps-scraper/venv/lib/python3.11/site-packages/selenium/webdriver/remote/errorhandler.py", line 245, in check_response
    raise exception_class(message, screen, stacktrace)
selenium.common.exceptions.ElementClickInterceptedException: Message: element click intercepted: Element <button class="g88MCb S9kvJb " jsaction="pane.placeActions.share;keydown:pane.placeActions.share" aria-label="Restaurant Bougainville adlı yeri paylaşın" data-value="Paylaşın" jslog="13534; track:click;mutable:true;metadata:WyIwYWhVS0V3aXFfTTZ1bUwzX0FoV25SZkVESGJaMEJ6RVE4QmNJQ0NnQiJd">...</button> is not clickable at point (418, 67). Other element would receive the click: <div class="mYFZJb" jsaction="pane.wfvdle54"></div>
  (Session info: chrome=113.0.5672.126)
Stacktrace:
#0 0x5594c4441b73 <unknown>
#1 0x5594c418a416 <unknown>
#2 0x5594c41cce62 <unknown>
#3 0x5594c41cb01c <unknown>
#4 0x5594c41c8e2e <unknown>
#5 0x5594c41c8106 <unknown>
#6 0x5594c41bce8a <unknown>
#7 0x5594c41e6632 <unknown>
#8 0x5594c41bc7b3 <unknown>
#9 0x5594c41e67fe <unknown>
#10 0x5594c41feb3e <unknown>
#11 0x5594c41e6403 <unknown>
#12 0x5594c41baf0a <unknown>
#13 0x5594c41bbffe <unknown>
#14 0x5594c4402c4e <unknown>
#15 0x5594c44068f2 <unknown>
#16 0x5594c440f870 <unknown>
#17 0x5594c4407933 <unknown>
#18 0x5594c43db75e <unknown>
#19 0x5594c4429e48 <unknown>
#20 0x5594c4429fd7 <unknown>
#21 0x5594c4439e39 <unknown>
#22 0x7fa8cda94b43 <unknown>

