Traceback (most recent call last):
  File "/home/va/Documents/remote/google-maps-scraper/venv/lib/python3.11/site-packages/bose/base_task.py", line 117, in run_task
    self.run(driver)
  File "/home/va/Documents/remote/google-maps-scraper/src/scraper.py", line 351, in run
    result = get_data(self.scroll_times)
             ^^^^^^^^^^^^^^^^^^^^^^^^^^^
  File "/home/va/Documents/remote/google-maps-scraper/src/scraper.py", line 339, in get_data
    a = get_maps_data(links)
        ^^^^^^^^^^^^^^^^^^^^
  File "/home/va/Documents/remote/google-maps-scraper/src/scraper.py", line 318, in get_maps_data
    ls = list(map(get_data, links))
         ^^^^^^^^^^^^^^^^^^^^^^^^^^
  File "/home/va/Documents/remote/google-maps-scraper/src/scraper.py", line 279, in get_data
    back_btn = driver.find_elements(By.XPATH, '//button[@aria-label="Back"]')
               ^^^^^^^^^^^^^^^^^^^^^^^^^^^^^^^^^^^^^^^^^^^^^^^^^^^^^^^^^^^^^^
  File "/home/va/Documents/remote/google-maps-scraper/venv/lib/python3.11/site-packages/selenium/webdriver/remote/webdriver.py", line 861, in find_elements
    return self.execute(Command.FIND_ELEMENTS, {"using": by, "value": value})["value"] or []
           ^^^^^^^^^^^^^^^^^^^^^^^^^^^^^^^^^^^^^^^^^^^^^^^^^^^^^^^^^^^^^^^^^^
  File "/home/va/Documents/remote/google-maps-scraper/venv/lib/python3.11/site-packages/selenium/webdriver/remote/webdriver.py", line 440, in execute
    self.error_handler.check_response(response)
  File "/home/va/Documents/remote/google-maps-scraper/venv/lib/python3.11/site-packages/selenium/webdriver/remote/errorhandler.py", line 245, in check_response
    raise exception_class(message, screen, stacktrace)
selenium.common.exceptions.NoSuchWindowException: Message: no such window: target window already closed
from unknown error: web view not found
  (Session info: chrome=113.0.5672.126)
Stacktrace:
#0 0x560174d1bb73 <unknown>
#1 0x560174a64416 <unknown>
#2 0x560174a3e5fc <unknown>
#3 0x560174ac557f <unknown>
#4 0x560174ad8596 <unknown>
#5 0x560174ac0403 <unknown>
#6 0x560174a94f0a <unknown>
#7 0x560174a95ffe <unknown>
#8 0x560174cdcc4e <unknown>
#9 0x560174ce08f2 <unknown>
#10 0x560174ce9870 <unknown>
#11 0x560174ce1933 <unknown>
#12 0x560174cb575e <unknown>
#13 0x560174d03e48 <unknown>
#14 0x560174d03fd7 <unknown>
#15 0x560174d13e39 <unknown>
#16 0x7fb04b694b43 <unknown>

