Traceback (most recent call last):
  File "/home/va/Documents/remote/google-maps-scraper/venv/lib/python3.11/site-packages/bose/base_task.py", line 117, in run_task
    self.run(driver)
  File "/home/va/Documents/remote/google-maps-scraper/src/scraper.py", line 228, in run
  File "/home/va/Documents/remote/google-maps-scraper/src/scraper.py", line 216, in get_data
  File "/home/va/Documents/remote/google-maps-scraper/src/scraper.py", line 195, in get_maps_data
  File "/home/va/Documents/remote/google-maps-scraper/src/scraper.py", line 135, in get_data
  File "/home/va/Documents/remote/google-maps-scraper/venv/lib/python3.11/site-packages/bose/boss_driver.py", line 22, in get_by_current_page_referrer
    self.execute_script(f"""
  File "/home/va/Documents/remote/google-maps-scraper/venv/lib/python3.11/site-packages/selenium/webdriver/remote/webdriver.py", line 500, in execute_script
    return self.execute(command, {"script": script, "args": converted_args})["value"]
           ^^^^^^^^^^^^^^^^^^^^^^^^^^^^^^^^^^^^^^^^^^^^^^^^^^^^^^^^^^^^^^^^^
  File "/home/va/Documents/remote/google-maps-scraper/venv/lib/python3.11/site-packages/selenium/webdriver/remote/webdriver.py", line 440, in execute
    self.error_handler.check_response(response)
  File "/home/va/Documents/remote/google-maps-scraper/venv/lib/python3.11/site-packages/selenium/webdriver/remote/errorhandler.py", line 245, in check_response
    raise exception_class(message, screen, stacktrace)
selenium.common.exceptions.NoSuchWindowException: Message: no such window: target window already closed
from unknown error: web view not found
  (Session info: chrome=113.0.5672.126)
Stacktrace:
#0 0x562ef9fa6b73 <unknown>
#1 0x562ef9cef416 <unknown>
#2 0x562ef9cc95fc <unknown>
#3 0x562ef9d5057f <unknown>
#4 0x562ef9d63596 <unknown>
#5 0x562ef9d4b403 <unknown>
#6 0x562ef9d1ff0a <unknown>
#7 0x562ef9d20ffe <unknown>
#8 0x562ef9f67c4e <unknown>
#9 0x562ef9f6b8f2 <unknown>
#10 0x562ef9f74870 <unknown>
#11 0x562ef9f6c933 <unknown>
#12 0x562ef9f4075e <unknown>
#13 0x562ef9f8ee48 <unknown>
#14 0x562ef9f8efd7 <unknown>
#15 0x562ef9f9ee39 <unknown>
#16 0x7fe219094b43 <unknown>

