Traceback (most recent call last):
  File "/home/vagif/Documents/remote/bionluk/googleMapScraper/.venv/lib/python3.10/site-packages/bose/base_task.py", line 117, in run_task
    self.run(driver)
  File "/home/vagif/Documents/remote/bionluk/googleMapScraper/src/scraper.py", line 303, in run
    result = get_data(self.scroll_times)
  File "/home/vagif/Documents/remote/bionluk/googleMapScraper/src/scraper.py", line 291, in get_data
    a = get_maps_data(links)
  File "/home/vagif/Documents/remote/bionluk/googleMapScraper/src/scraper.py", line 270, in get_maps_data
    ls = list(map(get_data, links))
  File "/home/vagif/Documents/remote/bionluk/googleMapScraper/src/scraper.py", line 243, in get_data
    embed_link = driver.find_element(By.XPATH, "//input[@class='yA7sBe']")
  File "/home/vagif/Documents/remote/bionluk/googleMapScraper/.venv/lib/python3.10/site-packages/selenium/webdriver/remote/webdriver.py", line 856, in find_element
    return self.execute(Command.FIND_ELEMENT, {
  File "/home/vagif/Documents/remote/bionluk/googleMapScraper/.venv/lib/python3.10/site-packages/selenium/webdriver/remote/webdriver.py", line 429, in execute
    self.error_handler.check_response(response)
  File "/home/vagif/Documents/remote/bionluk/googleMapScraper/.venv/lib/python3.10/site-packages/selenium/webdriver/remote/errorhandler.py", line 243, in check_response
    raise exception_class(message, screen, stacktrace)
selenium.common.exceptions.NoSuchElementException: Message: no such element: Unable to locate element: {"method":"xpath","selector":"//input[@class='yA7sBe']"}
  (Session info: chrome=114.0.5735.133)
Stacktrace:
#0 0x561cf73c2b73 <unknown>
#1 0x561cf710b416 <unknown>
#2 0x561cf7147b4c <unknown>
#3 0x561cf7147c81 <unknown>
#4 0x561cf7182024 <unknown>
#5 0x561cf716765d <unknown>
#6 0x561cf717fb3e <unknown>
#7 0x561cf7167403 <unknown>
#8 0x561cf713bf0a <unknown>
#9 0x561cf713cffe <unknown>
#10 0x561cf7383c4e <unknown>
#11 0x561cf73878f2 <unknown>
#12 0x561cf7390870 <unknown>
#13 0x561cf7388933 <unknown>
#14 0x561cf735c75e <unknown>
#15 0x561cf73aae48 <unknown>
#16 0x561cf73aafd7 <unknown>
#17 0x561cf73bae39 <unknown>
#18 0x7f6aca494b43 <unknown>

