Traceback (most recent call last):
  File "/home/va/Documents/remote/google-maps-scraper/venv/lib/python3.11/site-packages/bose/base_task.py", line 117, in run_task
    self.run(driver)
  File "/home/va/Documents/remote/google-maps-scraper/src/scraper.py", line 243, in run
    result = get_data()
             ^^^^^^^^^^
  File "/home/va/Documents/remote/google-maps-scraper/src/scraper.py", line 231, in get_data
    a = get_maps_data(links)
        ^^^^^^^^^^^^^^^^^^^^
  File "/home/va/Documents/remote/google-maps-scraper/src/scraper.py", line 210, in get_maps_data
    ls = list(map(get_data, links))
         ^^^^^^^^^^^^^^^^^^^^^^^^^^
  File "/home/va/Documents/remote/google-maps-scraper/src/scraper.py", line 196, in get_data
    share_link = driver.find_element(By.XPATH, "//input[@class='vrsrZe']")
                 ^^^^^^^^^^^^^^^^^^^^^^^^^^^^^^^^^^^^^^^^^^^^^^^^^^^^^^^^^
  File "/home/va/Documents/remote/google-maps-scraper/venv/lib/python3.11/site-packages/selenium/webdriver/remote/webdriver.py", line 831, in find_element
    return self.execute(Command.FIND_ELEMENT, {"using": by, "value": value})["value"]
           ^^^^^^^^^^^^^^^^^^^^^^^^^^^^^^^^^^^^^^^^^^^^^^^^^^^^^^^^^^^^^^^^^
  File "/home/va/Documents/remote/google-maps-scraper/venv/lib/python3.11/site-packages/selenium/webdriver/remote/webdriver.py", line 440, in execute
    self.error_handler.check_response(response)
  File "/home/va/Documents/remote/google-maps-scraper/venv/lib/python3.11/site-packages/selenium/webdriver/remote/errorhandler.py", line 245, in check_response
    raise exception_class(message, screen, stacktrace)
selenium.common.exceptions.NoSuchElementException: Message: no such element: Unable to locate element: {"method":"xpath","selector":"//input[@class='vrsrZe']"}
  (Session info: chrome=113.0.5672.126)
Stacktrace:
#0 0x556e21d50b73 <unknown>
#1 0x556e21a99416 <unknown>
#2 0x556e21ad5b4c <unknown>
#3 0x556e21ad5c81 <unknown>
#4 0x556e21b10024 <unknown>
#5 0x556e21af565d <unknown>
#6 0x556e21b0db3e <unknown>
#7 0x556e21af5403 <unknown>
#8 0x556e21ac9f0a <unknown>
#9 0x556e21acaffe <unknown>
#10 0x556e21d11c4e <unknown>
#11 0x556e21d158f2 <unknown>
#12 0x556e21d1e870 <unknown>
#13 0x556e21d16933 <unknown>
#14 0x556e21cea75e <unknown>
#15 0x556e21d38e48 <unknown>
#16 0x556e21d38fd7 <unknown>
#17 0x556e21d48e39 <unknown>
#18 0x7fc2ee894b43 <unknown>

