Traceback (most recent call last):
  File "/home/va/Documents/remote/google-maps-scraper/venv/lib/python3.11/site-packages/bose/base_task.py", line 117, in run_task
    self.run(driver)
  File "/home/va/Documents/remote/google-maps-scraper/src/scraper.py", line 228, in run
    result = get_data()
             ^^^^^^^^^^
  File "/home/va/Documents/remote/google-maps-scraper/src/scraper.py", line 207, in get_data
    links = get_links(q)
            ^^^^^^^^^^^^
  File "/home/va/Documents/remote/google-maps-scraper/src/scraper.py", line 116, in get_links
    scroll_till_end(1)
  File "/home/va/Documents/remote/google-maps-scraper/src/scraper.py", line 90, in scroll_till_end
    visit_gmap()
  File "/home/va/Documents/remote/google-maps-scraper/src/scraper.py", line 84, in visit_gmap
    driver.get_by_current_page_referrer(url)
  File "/home/va/Documents/remote/google-maps-scraper/venv/lib/python3.11/site-packages/bose/boss_driver.py", line 22, in get_by_current_page_referrer
    self.execute_script(f"""
  File "/home/va/Documents/remote/google-maps-scraper/venv/lib/python3.11/site-packages/selenium/webdriver/remote/webdriver.py", line 500, in execute_script
    return self.execute(command, {"script": script, "args": converted_args})["value"]
           ^^^^^^^^^^^^^^^^^^^^^^^^^^^^^^^^^^^^^^^^^^^^^^^^^^^^^^^^^^^^^^^^^
  File "/home/va/Documents/remote/google-maps-scraper/venv/lib/python3.11/site-packages/selenium/webdriver/remote/webdriver.py", line 440, in execute
    self.error_handler.check_response(response)
  File "/home/va/Documents/remote/google-maps-scraper/venv/lib/python3.11/site-packages/selenium/webdriver/remote/errorhandler.py", line 245, in check_response
    raise exception_class(message, screen, stacktrace)
selenium.common.exceptions.NoSuchWindowException: Message: no such window: target window already closed
from unknown error: web view not found
  (Session info: chrome=113.0.5672.126)
Stacktrace:
#0 0x5634bf455b73 <unknown>
#1 0x5634bf19e416 <unknown>
#2 0x5634bf1785fc <unknown>
#3 0x5634bf1ff57f <unknown>
#4 0x5634bf212596 <unknown>
#5 0x5634bf1fa403 <unknown>
#6 0x5634bf1cef0a <unknown>
#7 0x5634bf1cfffe <unknown>
#8 0x5634bf416c4e <unknown>
#9 0x5634bf41a8f2 <unknown>
#10 0x5634bf423870 <unknown>
#11 0x5634bf41b933 <unknown>
#12 0x5634bf3ef75e <unknown>
#13 0x5634bf43de48 <unknown>
#14 0x5634bf43dfd7 <unknown>
#15 0x5634bf44de39 <unknown>
#16 0x7f1b32e94b43 <unknown>

