Traceback (most recent call last):
  File "/home/va/Documents/remote/google-maps-scraper/venv/lib/python3.11/site-packages/bose/base_task.py", line 117, in run_task
    self.run(driver)
  File "/home/va/Documents/remote/google-maps-scraper/src/scraper.py", line 240, in run
    result = get_data()
             ^^^^^^^^^^
  File "/home/va/Documents/remote/google-maps-scraper/src/scraper.py", line 228, in get_data
    a = get_maps_data(links)
        ^^^^^^^^^^^^^^^^^^^^
  File "/home/va/Documents/remote/google-maps-scraper/src/scraper.py", line 207, in get_maps_data
    ls = list(map(get_data, links))
         ^^^^^^^^^^^^^^^^^^^^^^^^^^
  File "/home/va/Documents/remote/google-maps-scraper/src/scraper.py", line 192, in get_data
    sharing = driver.find_elements(".g88MCb.S9kvJb")
              ^^^^^^^^^^^^^^^^^^^^^^^^^^^^^^^^^^^^^^
  File "/home/va/Documents/remote/google-maps-scraper/venv/lib/python3.11/site-packages/selenium/webdriver/remote/webdriver.py", line 861, in find_elements
    return self.execute(Command.FIND_ELEMENTS, {"using": by, "value": value})["value"] or []
           ^^^^^^^^^^^^^^^^^^^^^^^^^^^^^^^^^^^^^^^^^^^^^^^^^^^^^^^^^^^^^^^^^^
  File "/home/va/Documents/remote/google-maps-scraper/venv/lib/python3.11/site-packages/selenium/webdriver/remote/webdriver.py", line 440, in execute
    self.error_handler.check_response(response)
  File "/home/va/Documents/remote/google-maps-scraper/venv/lib/python3.11/site-packages/selenium/webdriver/remote/errorhandler.py", line 245, in check_response
    raise exception_class(message, screen, stacktrace)
selenium.common.exceptions.InvalidArgumentException: Message: invalid argument: invalid locator
  (Session info: chrome=113.0.5672.126)
Stacktrace:
#0 0x562baa6ebb73 <unknown>
#1 0x562baa434416 <unknown>
#2 0x562baa470488 <unknown>
#3 0x562baa470c81 <unknown>
#4 0x562baa4ab061 <unknown>
#5 0x562baa49065d <unknown>
#6 0x562baa4a8b3e <unknown>
#7 0x562baa490403 <unknown>
#8 0x562baa464f0a <unknown>
#9 0x562baa465ffe <unknown>
#10 0x562baa6acc4e <unknown>
#11 0x562baa6b08f2 <unknown>
#12 0x562baa6b9870 <unknown>
#13 0x562baa6b1933 <unknown>
#14 0x562baa68575e <unknown>
#15 0x562baa6d3e48 <unknown>
#16 0x562baa6d3fd7 <unknown>
#17 0x562baa6e3e39 <unknown>
#18 0x7f7ead494b43 <unknown>

