Traceback (most recent call last):
  File "/home/va/Documents/remote/google-maps-scraper/venv/lib/python3.11/site-packages/bose/base_task.py", line 117, in run_task
    self.run(driver)
  File "/home/va/Documents/remote/google-maps-scraper/src/scraper.py", line 243, in run
    result = get_data()
             ^^^^^^^^^^
  File "/home/va/Documents/remote/google-maps-scraper/src/scraper.py", line 231, in get_data
    a = get_maps_data(links)
        ^^^^^^^^^^^^^^^^^^^^
  File "/home/va/Documents/remote/google-maps-scraper/src/scraper.py", line 210, in get_maps_data
    ls = list(map(get_data, links))
         ^^^^^^^^^^^^^^^^^^^^^^^^^^
  File "/home/va/Documents/remote/google-maps-scraper/src/scraper.py", line 197, in get_data
    share_link = driver.find_element(By.CSS_SELECTOR, ".vrsrZe")
                 ^^^^^^^^^^^^^^^^^^^^^^^^^^^^^^^^^^^^^^^^^^^^^^^
  File "/home/va/Documents/remote/google-maps-scraper/venv/lib/python3.11/site-packages/selenium/webdriver/remote/webdriver.py", line 831, in find_element
    return self.execute(Command.FIND_ELEMENT, {"using": by, "value": value})["value"]
           ^^^^^^^^^^^^^^^^^^^^^^^^^^^^^^^^^^^^^^^^^^^^^^^^^^^^^^^^^^^^^^^^^
  File "/home/va/Documents/remote/google-maps-scraper/venv/lib/python3.11/site-packages/selenium/webdriver/remote/webdriver.py", line 440, in execute
    self.error_handler.check_response(response)
  File "/home/va/Documents/remote/google-maps-scraper/venv/lib/python3.11/site-packages/selenium/webdriver/remote/errorhandler.py", line 245, in check_response
    raise exception_class(message, screen, stacktrace)
selenium.common.exceptions.NoSuchElementException: Message: no such element: Unable to locate element: {"method":"css selector","selector":".vrsrZe"}
  (Session info: chrome=113.0.5672.126)
Stacktrace:
#0 0x555e0e5a6b73 <unknown>
#1 0x555e0e2ef416 <unknown>
#2 0x555e0e32bb4c <unknown>
#3 0x555e0e32bc81 <unknown>
#4 0x555e0e366024 <unknown>
#5 0x555e0e34b65d <unknown>
#6 0x555e0e363b3e <unknown>
#7 0x555e0e34b403 <unknown>
#8 0x555e0e31ff0a <unknown>
#9 0x555e0e320ffe <unknown>
#10 0x555e0e567c4e <unknown>
#11 0x555e0e56b8f2 <unknown>
#12 0x555e0e574870 <unknown>
#13 0x555e0e56c933 <unknown>
#14 0x555e0e54075e <unknown>
#15 0x555e0e58ee48 <unknown>
#16 0x555e0e58efd7 <unknown>
#17 0x555e0e59ee39 <unknown>
#18 0x7f7a4ec94b43 <unknown>

