Traceback (most recent call last):
  File "/home/va/Documents/remote/google-maps-scraper/venv/lib/python3.11/site-packages/bose/base_task.py", line 117, in run_task
    self.run(driver)
  File "/home/va/Documents/remote/google-maps-scraper/src/scraper.py", line 242, in run
    result = get_data()
             ^^^^^^^^^^
  File "/home/va/Documents/remote/google-maps-scraper/src/scraper.py", line 230, in get_data
    a = get_maps_data(links)
        ^^^^^^^^^^^^^^^^^^^^
  File "/home/va/Documents/remote/google-maps-scraper/src/scraper.py", line 209, in get_maps_data
    ls = list(map(get_data, links))
         ^^^^^^^^^^^^^^^^^^^^^^^^^^
  File "/home/va/Documents/remote/google-maps-scraper/src/scraper.py", line 195, in get_data
    share_link = driver.find_element(By.CLASS_NAME, "vrsrZe")
                 ^^^^^^^^^^^^^^^^^^^^^^^^^^^^^^^^^^^^^^^^^^^^
  File "/home/va/Documents/remote/google-maps-scraper/venv/lib/python3.11/site-packages/selenium/webdriver/remote/webdriver.py", line 831, in find_element
    return self.execute(Command.FIND_ELEMENT, {"using": by, "value": value})["value"]
           ^^^^^^^^^^^^^^^^^^^^^^^^^^^^^^^^^^^^^^^^^^^^^^^^^^^^^^^^^^^^^^^^^
  File "/home/va/Documents/remote/google-maps-scraper/venv/lib/python3.11/site-packages/selenium/webdriver/remote/webdriver.py", line 440, in execute
    self.error_handler.check_response(response)
  File "/home/va/Documents/remote/google-maps-scraper/venv/lib/python3.11/site-packages/selenium/webdriver/remote/errorhandler.py", line 245, in check_response
    raise exception_class(message, screen, stacktrace)
selenium.common.exceptions.NoSuchElementException: Message: no such element: Unable to locate element: {"method":"css selector","selector":".vrsrZe"}
  (Session info: chrome=113.0.5672.126)
Stacktrace:
#0 0x562c0d13cb73 <unknown>
#1 0x562c0ce85416 <unknown>
#2 0x562c0cec1b4c <unknown>
#3 0x562c0cec1c81 <unknown>
#4 0x562c0cefc024 <unknown>
#5 0x562c0cee165d <unknown>
#6 0x562c0cef9b3e <unknown>
#7 0x562c0cee1403 <unknown>
#8 0x562c0ceb5f0a <unknown>
#9 0x562c0ceb6ffe <unknown>
#10 0x562c0d0fdc4e <unknown>
#11 0x562c0d1018f2 <unknown>
#12 0x562c0d10a870 <unknown>
#13 0x562c0d102933 <unknown>
#14 0x562c0d0d675e <unknown>
#15 0x562c0d124e48 <unknown>
#16 0x562c0d124fd7 <unknown>
#17 0x562c0d134e39 <unknown>
#18 0x7fe4d9894b43 <unknown>

