Traceback (most recent call last):
  File "/home/va/Documents/remote/google-maps-scraper/venv/lib/python3.11/site-packages/bose/base_task.py", line 117, in run_task
    self.run(driver)
  File "/home/va/Documents/remote/google-maps-scraper/src/scraper.py", line 229, in run
    result = get_data()
             ^^^^^^^^^^
  File "/home/va/Documents/remote/google-maps-scraper/src/scraper.py", line 208, in get_data
    links = get_links(q)
            ^^^^^^^^^^^^
  File "/home/va/Documents/remote/google-maps-scraper/src/scraper.py", line 117, in get_links
    scroll_till_end(1)
  File "/home/va/Documents/remote/google-maps-scraper/src/scraper.py", line 90, in scroll_till_end
    visit_gmap()
  File "/home/va/Documents/remote/google-maps-scraper/src/scraper.py", line 84, in visit_gmap
    driver.get_by_current_page_referrer(url)
  File "/home/va/Documents/remote/google-maps-scraper/venv/lib/python3.11/site-packages/bose/boss_driver.py", line 22, in get_by_current_page_referrer
    self.execute_script(f"""
  File "/home/va/Documents/remote/google-maps-scraper/venv/lib/python3.11/site-packages/selenium/webdriver/remote/webdriver.py", line 500, in execute_script
    return self.execute(command, {"script": script, "args": converted_args})["value"]
           ^^^^^^^^^^^^^^^^^^^^^^^^^^^^^^^^^^^^^^^^^^^^^^^^^^^^^^^^^^^^^^^^^
  File "/home/va/Documents/remote/google-maps-scraper/venv/lib/python3.11/site-packages/selenium/webdriver/remote/webdriver.py", line 440, in execute
    self.error_handler.check_response(response)
  File "/home/va/Documents/remote/google-maps-scraper/venv/lib/python3.11/site-packages/selenium/webdriver/remote/errorhandler.py", line 245, in check_response
    raise exception_class(message, screen, stacktrace)
selenium.common.exceptions.NoSuchWindowException: Message: no such window: target window already closed
from unknown error: web view not found
  (Session info: chrome=113.0.5672.126)
Stacktrace:
#0 0x55bdc29d8b73 <unknown>
#1 0x55bdc2721416 <unknown>
#2 0x55bdc26fb5fc <unknown>
#3 0x55bdc278257f <unknown>
#4 0x55bdc2795596 <unknown>
#5 0x55bdc277d403 <unknown>
#6 0x55bdc2751f0a <unknown>
#7 0x55bdc2752ffe <unknown>
#8 0x55bdc2999c4e <unknown>
#9 0x55bdc299d8f2 <unknown>
#10 0x55bdc29a6870 <unknown>
#11 0x55bdc299e933 <unknown>
#12 0x55bdc297275e <unknown>
#13 0x55bdc29c0e48 <unknown>
#14 0x55bdc29c0fd7 <unknown>
#15 0x55bdc29d0e39 <unknown>
#16 0x7fd4e6294b43 <unknown>

