Traceback (most recent call last):
  File "/home/va/Documents/remote/google-maps-scraper/venv/lib/python3.11/site-packages/bose/base_task.py", line 117, in run_task
    self.run(driver)
  File "/home/va/Documents/remote/google-maps-scraper/src/scraper.py", line 285, in run
    result = get_data(self.scroll_times)
             ^^^^^^^^^^^^^^^^^^^^^^^^^^^
  File "/home/va/Documents/remote/google-maps-scraper/src/scraper.py", line 273, in get_data
    a = get_maps_data(links)
        ^^^^^^^^^^^^^^^^^^^^
  File "/home/va/Documents/remote/google-maps-scraper/src/scraper.py", line 252, in get_maps_data
    ls = list(map(get_data, links))
         ^^^^^^^^^^^^^^^^^^^^^^^^^^
  File "/home/va/Documents/remote/google-maps-scraper/src/scraper.py", line 237, in get_data
    map_button.click()
  File "/home/va/Documents/remote/google-maps-scraper/venv/lib/python3.11/site-packages/selenium/webdriver/remote/webelement.py", line 94, in click
    self._execute(Command.CLICK_ELEMENT)
  File "/home/va/Documents/remote/google-maps-scraper/venv/lib/python3.11/site-packages/selenium/webdriver/remote/webelement.py", line 403, in _execute
    return self._parent.execute(command, params)
           ^^^^^^^^^^^^^^^^^^^^^^^^^^^^^^^^^^^^^
  File "/home/va/Documents/remote/google-maps-scraper/venv/lib/python3.11/site-packages/selenium/webdriver/remote/webdriver.py", line 440, in execute
    self.error_handler.check_response(response)
  File "/home/va/Documents/remote/google-maps-scraper/venv/lib/python3.11/site-packages/selenium/webdriver/remote/errorhandler.py", line 245, in check_response
    raise exception_class(message, screen, stacktrace)
selenium.common.exceptions.ElementNotInteractableException: Message: element not interactable
  (Session info: chrome=113.0.5672.126)
Stacktrace:
#0 0x56309be63b73 <unknown>
#1 0x56309bbac2a0 <unknown>
#2 0x56309bbe9f94 <unknown>
#3 0x56309bbdee8a <unknown>
#4 0x56309bc08632 <unknown>
#5 0x56309bbde7b3 <unknown>
#6 0x56309bc087fe <unknown>
#7 0x56309bc20b3e <unknown>
#8 0x56309bc08403 <unknown>
#9 0x56309bbdcf0a <unknown>
#10 0x56309bbddffe <unknown>
#11 0x56309be24c4e <unknown>
#12 0x56309be288f2 <unknown>
#13 0x56309be31870 <unknown>
#14 0x56309be29933 <unknown>
#15 0x56309bdfd75e <unknown>
#16 0x56309be4be48 <unknown>
#17 0x56309be4bfd7 <unknown>
#18 0x56309be5be39 <unknown>
#19 0x7fcdf8c94b43 <unknown>

