Traceback (most recent call last):
  File "/home/va/Documents/remote/google-maps-scraper/venv/lib/python3.11/site-packages/bose/base_task.py", line 117, in run_task
    self.run(driver)
  File "/home/va/Documents/remote/google-maps-scraper/src/scraper.py", line 235, in run
    result = get_data()
             ^^^^^^^^^^
  File "/home/va/Documents/remote/google-maps-scraper/src/scraper.py", line 223, in get_data
    a = get_maps_data(links)
        ^^^^^^^^^^^^^^^^^^^^
  File "/home/va/Documents/remote/google-maps-scraper/src/scraper.py", line 202, in get_maps_data
    ls = list(map(get_data, links))
         ^^^^^^^^^^^^^^^^^^^^^^^^^^
  File "/home/va/Documents/remote/google-maps-scraper/src/scraper.py", line 189, in get_data
    image_gall = driver.find_elements(".dryRY img")
                 ^^^^^^^^^^^^^^^^^^^^^^^^^^^^^^^^^^
  File "/home/va/Documents/remote/google-maps-scraper/venv/lib/python3.11/site-packages/selenium/webdriver/remote/webdriver.py", line 861, in find_elements
    return self.execute(Command.FIND_ELEMENTS, {"using": by, "value": value})["value"] or []
           ^^^^^^^^^^^^^^^^^^^^^^^^^^^^^^^^^^^^^^^^^^^^^^^^^^^^^^^^^^^^^^^^^^
  File "/home/va/Documents/remote/google-maps-scraper/venv/lib/python3.11/site-packages/selenium/webdriver/remote/webdriver.py", line 440, in execute
    self.error_handler.check_response(response)
  File "/home/va/Documents/remote/google-maps-scraper/venv/lib/python3.11/site-packages/selenium/webdriver/remote/errorhandler.py", line 245, in check_response
    raise exception_class(message, screen, stacktrace)
selenium.common.exceptions.InvalidArgumentException: Message: invalid argument: invalid locator
  (Session info: chrome=113.0.5672.126)
Stacktrace:
#0 0x55a3c601fb73 <unknown>
#1 0x55a3c5d68416 <unknown>
#2 0x55a3c5da4488 <unknown>
#3 0x55a3c5da4c81 <unknown>
#4 0x55a3c5ddf061 <unknown>
#5 0x55a3c5dc465d <unknown>
#6 0x55a3c5ddcb3e <unknown>
#7 0x55a3c5dc4403 <unknown>
#8 0x55a3c5d98f0a <unknown>
#9 0x55a3c5d99ffe <unknown>
#10 0x55a3c5fe0c4e <unknown>
#11 0x55a3c5fe48f2 <unknown>
#12 0x55a3c5fed870 <unknown>
#13 0x55a3c5fe5933 <unknown>
#14 0x55a3c5fb975e <unknown>
#15 0x55a3c6007e48 <unknown>
#16 0x55a3c6007fd7 <unknown>
#17 0x55a3c6017e39 <unknown>
#18 0x7f8c17494b43 <unknown>

