Traceback (most recent call last):
  File "/home/va/Documents/remote/google-maps-scraper/venv/lib/python3.11/site-packages/bose/base_task.py", line 117, in run_task
    self.run(driver)
  File "/home/va/Documents/remote/google-maps-scraper/src/scraper.py", line 255, in run
    result = get_data()
             ^^^^^^^^^^
  File "/home/va/Documents/remote/google-maps-scraper/src/scraper.py", line 243, in get_data
    a = get_maps_data(links)
        ^^^^^^^^^^^^^^^^^^^^
  File "/home/va/Documents/remote/google-maps-scraper/src/scraper.py", line 222, in get_maps_data
    ls = list(map(get_data, links))
         ^^^^^^^^^^^^^^^^^^^^^^^^^^
  File "/home/va/Documents/remote/google-maps-scraper/src/scraper.py", line 198, in get_data
    opened_days = driver.find_element(By.XPATH, "//div[@class='CsEnBe']")
                  ^^^^^^^^^^^^^^^^^^^^^^^^^^^^^^^^^^^^^^^^^^^^^^^^^^^^^^^
  File "/home/va/Documents/remote/google-maps-scraper/venv/lib/python3.11/site-packages/selenium/webdriver/remote/webdriver.py", line 831, in find_element
    return self.execute(Command.FIND_ELEMENT, {"using": by, "value": value})["value"]
           ^^^^^^^^^^^^^^^^^^^^^^^^^^^^^^^^^^^^^^^^^^^^^^^^^^^^^^^^^^^^^^^^^
  File "/home/va/Documents/remote/google-maps-scraper/venv/lib/python3.11/site-packages/selenium/webdriver/remote/webdriver.py", line 440, in execute
    self.error_handler.check_response(response)
  File "/home/va/Documents/remote/google-maps-scraper/venv/lib/python3.11/site-packages/selenium/webdriver/remote/errorhandler.py", line 245, in check_response
    raise exception_class(message, screen, stacktrace)
selenium.common.exceptions.NoSuchElementException: Message: no such element: Unable to locate element: {"method":"xpath","selector":"//div[@class='CsEnBe']"}
  (Session info: chrome=113.0.5672.126)
Stacktrace:
#0 0x556cc81f6b73 <unknown>
#1 0x556cc7f3f416 <unknown>
#2 0x556cc7f7bb4c <unknown>
#3 0x556cc7f7bc81 <unknown>
#4 0x556cc7fb6024 <unknown>
#5 0x556cc7f9b65d <unknown>
#6 0x556cc7fb3b3e <unknown>
#7 0x556cc7f9b403 <unknown>
#8 0x556cc7f6ff0a <unknown>
#9 0x556cc7f70ffe <unknown>
#10 0x556cc81b7c4e <unknown>
#11 0x556cc81bb8f2 <unknown>
#12 0x556cc81c4870 <unknown>
#13 0x556cc81bc933 <unknown>
#14 0x556cc819075e <unknown>
#15 0x556cc81dee48 <unknown>
#16 0x556cc81defd7 <unknown>
#17 0x556cc81eee39 <unknown>
#18 0x7f6b59a94b43 <unknown>

