Traceback (most recent call last):
  File "/home/va/Documents/remote/google-maps-scraper/venv/lib/python3.11/site-packages/bose/base_task.py", line 117, in run_task
    self.run(driver)
  File "/home/va/Documents/remote/google-maps-scraper/src/scraper.py", line 341, in run
    result = get_data(self.scroll_times)
             ^^^^^^^^^^^^^^^^^^^^^^^^^^^
  File "/home/va/Documents/remote/google-maps-scraper/src/scraper.py", line 329, in get_data
    a = get_maps_data(links)
        ^^^^^^^^^^^^^^^^^^^^
  File "/home/va/Documents/remote/google-maps-scraper/src/scraper.py", line 308, in get_maps_data
    ls = list(map(get_data, links))
         ^^^^^^^^^^^^^^^^^^^^^^^^^^
  File "/home/va/Documents/remote/google-maps-scraper/src/scraper.py", line 281, in get_data
    map_button = driver.find_element(By.XPATH, "//*[contains(text(), 'Embed a map')]")
                 ^^^^^^^^^^^^^^^^^^^^^^^^^^^^^^^^^^^^^^^^^^^^^^^^^^^^^^^^^^^^^^^^^^^^^
  File "/home/va/Documents/remote/google-maps-scraper/venv/lib/python3.11/site-packages/selenium/webdriver/remote/webdriver.py", line 831, in find_element
    return self.execute(Command.FIND_ELEMENT, {"using": by, "value": value})["value"]
           ^^^^^^^^^^^^^^^^^^^^^^^^^^^^^^^^^^^^^^^^^^^^^^^^^^^^^^^^^^^^^^^^^
  File "/home/va/Documents/remote/google-maps-scraper/venv/lib/python3.11/site-packages/selenium/webdriver/remote/webdriver.py", line 440, in execute
    self.error_handler.check_response(response)
  File "/home/va/Documents/remote/google-maps-scraper/venv/lib/python3.11/site-packages/selenium/webdriver/remote/errorhandler.py", line 245, in check_response
    raise exception_class(message, screen, stacktrace)
selenium.common.exceptions.NoSuchElementException: Message: no such element: Unable to locate element: {"method":"xpath","selector":"//*[contains(text(), 'Embed a map')]"}
  (Session info: chrome=113.0.5672.126)
Stacktrace:
#0 0x55eb2b9c2b73 <unknown>
#1 0x55eb2b70b416 <unknown>
#2 0x55eb2b747b4c <unknown>
#3 0x55eb2b747c81 <unknown>
#4 0x55eb2b782024 <unknown>
#5 0x55eb2b76765d <unknown>
#6 0x55eb2b77fb3e <unknown>
#7 0x55eb2b767403 <unknown>
#8 0x55eb2b73bf0a <unknown>
#9 0x55eb2b73cffe <unknown>
#10 0x55eb2b983c4e <unknown>
#11 0x55eb2b9878f2 <unknown>
#12 0x55eb2b990870 <unknown>
#13 0x55eb2b988933 <unknown>
#14 0x55eb2b95c75e <unknown>
#15 0x55eb2b9aae48 <unknown>
#16 0x55eb2b9aafd7 <unknown>
#17 0x55eb2b9bae39 <unknown>
#18 0x7fec6ac94b43 <unknown>

