Traceback (most recent call last):
  File "/home/va/Documents/remote/google-maps-scraper/venv/lib/python3.11/site-packages/bose/base_task.py", line 117, in run_task
    self.run(driver)
  File "/home/va/Documents/remote/google-maps-scraper/src/scraper.py", line 229, in run
    result = get_data()
             ^^^^^^^^^^
  File "/home/va/Documents/remote/google-maps-scraper/src/scraper.py", line 217, in get_data
    a = get_maps_data(links)
        ^^^^^^^^^^^^^^^^^^^^
  File "/home/va/Documents/remote/google-maps-scraper/src/scraper.py", line 196, in get_maps_data
    ls = list(map(get_data, links))
         ^^^^^^^^^^^^^^^^^^^^^^^^^^
  File "/home/va/Documents/remote/google-maps-scraper/src/scraper.py", line 136, in get_data
    driver.get_by_current_page_referrer(link)
  File "/home/va/Documents/remote/google-maps-scraper/venv/lib/python3.11/site-packages/bose/boss_driver.py", line 22, in get_by_current_page_referrer
    self.execute_script(f"""
  File "/home/va/Documents/remote/google-maps-scraper/venv/lib/python3.11/site-packages/selenium/webdriver/remote/webdriver.py", line 500, in execute_script
    return self.execute(command, {"script": script, "args": converted_args})["value"]
           ^^^^^^^^^^^^^^^^^^^^^^^^^^^^^^^^^^^^^^^^^^^^^^^^^^^^^^^^^^^^^^^^^
  File "/home/va/Documents/remote/google-maps-scraper/venv/lib/python3.11/site-packages/selenium/webdriver/remote/webdriver.py", line 440, in execute
    self.error_handler.check_response(response)
  File "/home/va/Documents/remote/google-maps-scraper/venv/lib/python3.11/site-packages/selenium/webdriver/remote/errorhandler.py", line 245, in check_response
    raise exception_class(message, screen, stacktrace)
selenium.common.exceptions.NoSuchWindowException: Message: no such window: target window already closed
from unknown error: web view not found
  (Session info: chrome=113.0.5672.126)
Stacktrace:
#0 0x55b6347ceb73 <unknown>
#1 0x55b634517416 <unknown>
#2 0x55b6344f15fc <unknown>
#3 0x55b63457857f <unknown>
#4 0x55b63458b596 <unknown>
#5 0x55b634573403 <unknown>
#6 0x55b634547f0a <unknown>
#7 0x55b634548ffe <unknown>
#8 0x55b63478fc4e <unknown>
#9 0x55b6347938f2 <unknown>
#10 0x55b63479c870 <unknown>
#11 0x55b634794933 <unknown>
#12 0x55b63476875e <unknown>
#13 0x55b6347b6e48 <unknown>
#14 0x55b6347b6fd7 <unknown>
#15 0x55b6347c6e39 <unknown>
#16 0x7f6b18094b43 <unknown>

