Traceback (most recent call last):
  File "/home/va/Documents/remote/google-maps-scraper/venv/lib/python3.11/site-packages/bose/base_task.py", line 117, in run_task
    self.run(driver)
  File "/home/va/Documents/remote/google-maps-scraper/src/scraper.py", line 255, in run
    result = get_data()
             ^^^^^^^^^^
  File "/home/va/Documents/remote/google-maps-scraper/src/scraper.py", line 243, in get_data
    a = get_maps_data(links)
        ^^^^^^^^^^^^^^^^^^^^
  File "/home/va/Documents/remote/google-maps-scraper/src/scraper.py", line 222, in get_maps_data
    ls = list(map(get_data, links))
         ^^^^^^^^^^^^^^^^^^^^^^^^^^
  File "/home/va/Documents/remote/google-maps-scraper/src/scraper.py", line 206, in get_data
    map_button = driver.find_element(By.XPATH, "//button[@class='zaxyGe L6Bbsd YTfrze']")
                 ^^^^^^^^^^^^^^^^^^^^^^^^^^^^^^^^^^^^^^^^^^^^^^^^^^^^^^^^^^^^^^^^^^^^^^^^
  File "/home/va/Documents/remote/google-maps-scraper/venv/lib/python3.11/site-packages/selenium/webdriver/remote/webdriver.py", line 831, in find_element
    return self.execute(Command.FIND_ELEMENT, {"using": by, "value": value})["value"]
           ^^^^^^^^^^^^^^^^^^^^^^^^^^^^^^^^^^^^^^^^^^^^^^^^^^^^^^^^^^^^^^^^^
  File "/home/va/Documents/remote/google-maps-scraper/venv/lib/python3.11/site-packages/selenium/webdriver/remote/webdriver.py", line 440, in execute
    self.error_handler.check_response(response)
  File "/home/va/Documents/remote/google-maps-scraper/venv/lib/python3.11/site-packages/selenium/webdriver/remote/errorhandler.py", line 245, in check_response
    raise exception_class(message, screen, stacktrace)
selenium.common.exceptions.NoSuchElementException: Message: no such element: Unable to locate element: {"method":"xpath","selector":"//button[@class='zaxyGe L6Bbsd YTfrze']"}
  (Session info: chrome=113.0.5672.126)
Stacktrace:
#0 0x55837810eb73 <unknown>
#1 0x558377e57416 <unknown>
#2 0x558377e93b4c <unknown>
#3 0x558377e93c81 <unknown>
#4 0x558377ece024 <unknown>
#5 0x558377eb365d <unknown>
#6 0x558377ecbb3e <unknown>
#7 0x558377eb3403 <unknown>
#8 0x558377e87f0a <unknown>
#9 0x558377e88ffe <unknown>
#10 0x5583780cfc4e <unknown>
#11 0x5583780d38f2 <unknown>
#12 0x5583780dc870 <unknown>
#13 0x5583780d4933 <unknown>
#14 0x5583780a875e <unknown>
#15 0x5583780f6e48 <unknown>
#16 0x5583780f6fd7 <unknown>
#17 0x558378106e39 <unknown>
#18 0x7f5762494b43 <unknown>

